<?xml version="1.0" encoding="UTF-8"?>
<!-- Generated by org.testng.reporters.JUnitReportReporter -->
<testsuite hostname="DESKTOP-N9JP7FQ" failures="0" tests="1" name="Data_Driven.ReadFile" time="3.725" errors="0" timestamp="09 Jun 2022 05:58:28 GMT" skipped="0">
  <testcase classname="Data_Driven.ReadFile" name="postNewEmployees" time="3.725"/>
</testsuite> <!-- Data_Driven.ReadFile -->
