<?xml version="1.0" encoding="UTF-8"?>
<!-- Generated by org.testng.reporters.JUnitReportReporter -->
<testsuite hostname="DESKTOP-N9JP7FQ" failures="0" tests="1" name="Data_Driven.GET" time="2.901" errors="0" timestamp="06 Jun 2022 07:00:39 GMT" skipped="0">
  <testcase classname="Data_Driven.GET" name="Getemp" time="2.901"/>
</testsuite> <!-- Data_Driven.GET -->
