<?xml version="1.0" encoding="UTF-8"?>
<!-- Generated by org.testng.reporters.JUnitReportReporter -->
<testsuite hostname="DESKTOP-N9JP7FQ" failures="0" tests="2" name="BASICS_API.POST" time="2.271" errors="0" timestamp="06 Jun 2022 05:38:29 GMT" skipped="0">
  <testcase classname="BASICS_API.POST" name="test" time="2.206"/>
  <testcase classname="BASICS_API.POST" name="test" time="0.065"/>
</testsuite> <!-- BASICS_API.POST -->
